<?xml version="1.0" encoding="UTF-8"?>
<testng-results skipped="0" failed="0" ignored="0" total="1" passed="1">
  <reporter-output>
  </reporter-output>
  <suite name="Suite1" duration-ms="52327" started-at="2019-03-06T14:18:08Z" finished-at="2019-03-06T14:19:00Z">
    <groups>
    </groups>
    <test name="Test2" duration-ms="52327" started-at="2019-03-06T14:18:08Z" finished-at="2019-03-06T14:19:00Z">
      <class name="com.ssj.EmiCal">
        <test-method status="PASS" signature="setUp()[pri:0, instance:com.ssj.EmiCal@6f7fd0e6]" name="setUp" is-config="true" duration-ms="13089" started-at="2019-03-06T14:18:08Z" finished-at="2019-03-06T14:18:21Z">
          <reporter-output>
          </reporter-output>
        </test-method> <!-- setUp -->
        <test-method status="PASS" signature="loginCrm()[pri:0, instance:com.ssj.EmiCal@6f7fd0e6]" name="loginCrm" duration-ms="36869" started-at="2019-03-06T14:18:21Z" finished-at="2019-03-06T14:18:58Z">
          <reporter-output>
          </reporter-output>
        </test-method> <!-- loginCrm -->
        <test-method status="PASS" signature="tearDown()[pri:0, instance:com.ssj.EmiCal@6f7fd0e6]" name="tearDown" is-config="true" duration-ms="2296" started-at="2019-03-06T14:18:58Z" finished-at="2019-03-06T14:19:00Z">
          <reporter-output>
          </reporter-output>
        </test-method> <!-- tearDown -->
      </class> <!-- com.ssj.EmiCal -->
    </test> <!-- Test2 -->
  </suite> <!-- Suite1 -->
</testng-results>
